Change Component Designator: Old Designator=C195 New Designator=C229
Change Component Designator: Old Designator=C197 New Designator=C231
Change Component Designator: Old Designator=C? New Designator=C230
Change Component Designator: Old Designator=C? New Designator=C232
Change Component Designator: Old Designator=C? New Designator=C233
Change Component Designator: Old Designator=C? New Designator=C234
Change Component Designator: Old Designator=C? New Designator=C235
Change Component Designator: Old Designator=C? New Designator=C236
Change Component Designator: Old Designator=C? New Designator=C237
Change Component Designator: Old Designator=C? New Designator=C238
Change Component Designator: Old Designator=C? New Designator=C239
Change Component Designator: Old Designator=C? New Designator=C240
Change Component Designator: Old Designator=C? New Designator=C241
Change Component Designator: Old Designator=C? New Designator=C242
Change Component Designator: Old Designator=C? New Designator=C243
Change Component Designator: Old Designator=C? New Designator=C244
Change Component Designator: Old Designator=C? New Designator=C245
Change Component Designator: Old Designator=C? New Designator=C246
Change Component Designator: Old Designator=C? New Designator=C247
Change Component Designator: Old Designator=C? New Designator=C248
Change Component Designator: Old Designator=J3 New Designator=J4
Change Component Designator: Old Designator=J4 New Designator=J5
Change Component Designator: Old Designator=R100 New Designator=R99
Change Component Designator: Old Designator=R101 New Designator=R100
Change Component Designator: Old Designator=R102 New Designator=R101
Change Component Designator: Old Designator=R103 New Designator=R102
Change Component Designator: Old Designator=R104 New Designator=R103
Change Component Designator: Old Designator=R105 New Designator=R104
Change Component Designator: Old Designator=R106 New Designator=R105
Change Component Designator: Old Designator=R107 New Designator=R106
Change Component Designator: Old Designator=R108 New Designator=R107
Change Component Designator: Old Designator=R109 New Designator=R108
Change Component Designator: Old Designator=R110 New Designator=R109
Change Component Designator: Old Designator=R111 New Designator=R110
Change Component Designator: Old Designator=R112 New Designator=R111
Change Component Designator: Old Designator=R113 New Designator=R112
Change Component Designator: Old Designator=R114 New Designator=R113
Change Component Designator: Old Designator=R115 New Designator=R114
Change Component Designator: Old Designator=R116 New Designator=R115
Change Component Designator: Old Designator=R117 New Designator=R116
Change Component Designator: Old Designator=R118 New Designator=R117
Change Component Designator: Old Designator=R119 New Designator=R118
Change Component Designator: Old Designator=R120 New Designator=R119
Change Component Designator: Old Designator=R121 New Designator=R120
Change Component Designator: Old Designator=R122 New Designator=R121
Change Component Designator: Old Designator=R123 New Designator=R122
Change Component Designator: Old Designator=R124 New Designator=R123
Change Component Designator: Old Designator=R125 New Designator=R124
Change Component Designator: Old Designator=R126 New Designator=R125
Change Component Designator: Old Designator=R127 New Designator=R126
Change Component Designator: Old Designator=R128 New Designator=R127
Change Component Designator: Old Designator=R129 New Designator=R128
Change Component Designator: Old Designator=R130 New Designator=R129
Change Component Designator: Old Designator=R131 New Designator=R130
Change Component Designator: Old Designator=R132 New Designator=R131
Change Component Designator: Old Designator=R133 New Designator=R132
Change Component Designator: Old Designator=R134 New Designator=R133
Change Component Designator: Old Designator=R135 New Designator=R134
Change Component Designator: Old Designator=R136 New Designator=R135
Change Component Designator: Old Designator=R137 New Designator=R136
Change Component Designator: Old Designator=U22 New Designator=U21
Change Component Designator: Old Designator=U22 New Designator=U21
Change Component Designator: Old Designator=U23 New Designator=U22
Change Component Designator: Old Designator=U23 New Designator=U22
