Change Component Designator: Old Designator=C? New Designator=C212
Change Component Designator: Old Designator=C? New Designator=C213
Change Component Designator: Old Designator=C? New Designator=C214
Change Component Designator: Old Designator=C? New Designator=C215
Change Component Designator: Old Designator=C? New Designator=C216
Change Component Designator: Old Designator=C? New Designator=C217
Change Component Designator: Old Designator=C? New Designator=C218
Change Component Designator: Old Designator=C? New Designator=C219
Change Component Designator: Old Designator=C? New Designator=C220
Change Component Designator: Old Designator=C? New Designator=C221
Change Component Designator: Old Designator=C? New Designator=C222
Change Component Designator: Old Designator=C? New Designator=C223
Change Component Designator: Old Designator=C? New Designator=C224
Change Component Designator: Old Designator=C? New Designator=C225
Change Component Designator: Old Designator=C? New Designator=C226
Change Component Designator: Old Designator=C? New Designator=C227
Change Component Designator: Old Designator=C? New Designator=C228
Change Component Designator: Old Designator=D7 New Designator=D9
Change Component Designator: Old Designator=D8 New Designator=D10
Change Component Designator: Old Designator=J2 New Designator=J3
Change Component Designator: Old Designator=R83 New Designator=R82
Change Component Designator: Old Designator=R84 New Designator=R83
Change Component Designator: Old Designator=R85 New Designator=R84
Change Component Designator: Old Designator=R86 New Designator=R85
Change Component Designator: Old Designator=R87 New Designator=R86
Change Component Designator: Old Designator=R90 New Designator=R89
Change Component Designator: Old Designator=R93 New Designator=R92
Change Component Designator: Old Designator=R94 New Designator=R93
Change Component Designator: Old Designator=R95 New Designator=R94
Change Component Designator: Old Designator=R96 New Designator=R95
Change Component Designator: Old Designator=R97 New Designator=R96
Change Component Designator: Old Designator=R98 New Designator=R97
Change Component Designator: Old Designator=R? New Designator=R87
Change Component Designator: Old Designator=R? New Designator=R88
Change Component Designator: Old Designator=R? New Designator=R90
Change Component Designator: Old Designator=R? New Designator=R91
Change Component Designator: Old Designator=R? New Designator=R98
Change Component Designator: Old Designator=U21 New Designator=U20
