Change Component Designator: Old Designator=C? New Designator=C201
Change Component Designator: Old Designator=C? New Designator=C202
Change Component Designator: Old Designator=C? New Designator=C203
Change Component Designator: Old Designator=C? New Designator=C204
Change Component Designator: Old Designator=C? New Designator=C205
Change Component Designator: Old Designator=C? New Designator=C206
Change Component Designator: Old Designator=C? New Designator=C207
Change Component Designator: Old Designator=C? New Designator=C208
Change Component Designator: Old Designator=C? New Designator=C209
Change Component Designator: Old Designator=C? New Designator=C210
Change Component Designator: Old Designator=C? New Designator=C211
Change Component Designator: Old Designator=D5 New Designator=D7
Change Component Designator: Old Designator=D6 New Designator=D8
Change Component Designator: Old Designator=J1 New Designator=J2
Change Component Designator: Old Designator=R65 New Designator=R63
Change Component Designator: Old Designator=R66 New Designator=R64
Change Component Designator: Old Designator=R67 New Designator=R65
Change Component Designator: Old Designator=R68 New Designator=R66
Change Component Designator: Old Designator=R69 New Designator=R67
Change Component Designator: Old Designator=R70 New Designator=R68
Change Component Designator: Old Designator=R71 New Designator=R69
Change Component Designator: Old Designator=R72 New Designator=R70
Change Component Designator: Old Designator=R73 New Designator=R71
Change Component Designator: Old Designator=R74 New Designator=R72
Change Component Designator: Old Designator=R75 New Designator=R73
Change Component Designator: Old Designator=R76 New Designator=R74
Change Component Designator: Old Designator=R77 New Designator=R75
Change Component Designator: Old Designator=R78 New Designator=R76
Change Component Designator: Old Designator=R80 New Designator=R81
Change Component Designator: Old Designator=R81 New Designator=R80
Change Component Designator: Old Designator=R? New Designator=R77
Change Component Designator: Old Designator=R? New Designator=R78
Change Component Designator: Old Designator=U20 New Designator=U19
