Change Component Designator: Old Designator=C256 New Designator=C291
Change Component Designator: Old Designator=C? New Designator=C290
Change Component Designator: Old Designator=C? New Designator=C292
Change Component Designator: Old Designator=C? New Designator=C293
Change Component Designator: Old Designator=C? New Designator=C294
Change Component Designator: Old Designator=C? New Designator=C295
Change Component Designator: Old Designator=C? New Designator=C296
Change Component Designator: Old Designator=C? New Designator=C297
Change Component Designator: Old Designator=C? New Designator=C298
Change Component Designator: Old Designator=J7 New Designator=J8
Change Component Designator: Old Designator=R155 New Designator=R154
Change Component Designator: Old Designator=R156 New Designator=R155
Change Component Designator: Old Designator=R157 New Designator=R156
Change Component Designator: Old Designator=R158 New Designator=R157
Change Component Designator: Old Designator=R159 New Designator=R158
Change Component Designator: Old Designator=R160 New Designator=R159
Change Component Designator: Old Designator=R161 New Designator=R160
Change Component Designator: Old Designator=R162 New Designator=R161
Change Component Designator: Old Designator=U26 New Designator=U25
Change Component Designator: Old Designator=U26 New Designator=U25
Change Component Designator: Old Designator=U26 New Designator=U25
