Change Component Designator: Old Designator=C? New Designator=C215
Change Component Designator: Old Designator=C? New Designator=C216
Change Component Designator: Old Designator=C? New Designator=C217
Change Component Designator: Old Designator=C? New Designator=C218
Change Component Designator: Old Designator=C? New Designator=C219
Change Component Designator: Old Designator=C? New Designator=C220
Change Component Designator: Old Designator=J? New Designator=J5
Change Component Designator: Old Designator=J? New Designator=J6
Change Component Designator: Old Designator=L? New Designator=L8
Change Component Designator: Old Designator=L? New Designator=L9
Change Component Designator: Old Designator=L? New Designator=L10
Change Component Designator: Old Designator=L? New Designator=L11
Change Component Designator: Old Designator=R? New Designator=R138
Change Component Designator: Old Designator=R? New Designator=R139
Change Component Designator: Old Designator=R? New Designator=R140
Change Component Designator: Old Designator=R? New Designator=R141
Change Component Designator: Old Designator=R? New Designator=R142
Change Component Designator: Old Designator=R? New Designator=R143
Change Component Designator: Old Designator=R? New Designator=R144
Change Component Designator: Old Designator=R? New Designator=R145
Change Component Designator: Old Designator=R? New Designator=R146
Change Component Designator: Old Designator=R? New Designator=R147
Change Component Designator: Old Designator=R? New Designator=R148
Change Component Designator: Old Designator=R? New Designator=R149
Change Component Designator: Old Designator=R? New Designator=R150
Change Component Designator: Old Designator=R? New Designator=R151
Change Component Designator: Old Designator=R? New Designator=R152
Change Component Designator: Old Designator=R? New Designator=R153
Change Component Designator: Old Designator=R? New Designator=R154
Change Component Designator: Old Designator=U? New Designator=U24
Change Component Designator: Old Designator=U? New Designator=U25
Change Component Designator: Old Designator=U? New Designator=U24
Change Component Designator: Old Designator=U? New Designator=U25
Change Component Designator: Old Designator=U? New Designator=U24
