Change Component Designator: Old Designator=C33 New Designator=C55
Change Component Designator: Old Designator=C34 New Designator=C57
Change Component Designator: Old Designator=C51 New Designator=C85
Change Component Designator: Old Designator=C52 New Designator=C86
Change Component Designator: Old Designator=C53 New Designator=C87
Change Component Designator: Old Designator=C54 New Designator=C84
Change Component Designator: Old Designator=C? New Designator=C54
Change Component Designator: Old Designator=C? New Designator=C56
Change Component Designator: Old Designator=C? New Designator=C58
Change Component Designator: Old Designator=C? New Designator=C59
Change Component Designator: Old Designator=C? New Designator=C60
Change Component Designator: Old Designator=C? New Designator=C61
Change Component Designator: Old Designator=C? New Designator=C62
Change Component Designator: Old Designator=C? New Designator=C63
Change Component Designator: Old Designator=C? New Designator=C64
Change Component Designator: Old Designator=C? New Designator=C65
Change Component Designator: Old Designator=C? New Designator=C66
Change Component Designator: Old Designator=C? New Designator=C67
Change Component Designator: Old Designator=C? New Designator=C68
Change Component Designator: Old Designator=C? New Designator=C69
Change Component Designator: Old Designator=C? New Designator=C70
Change Component Designator: Old Designator=C? New Designator=C71
Change Component Designator: Old Designator=C? New Designator=C72
Change Component Designator: Old Designator=C? New Designator=C73
Change Component Designator: Old Designator=C? New Designator=C74
Change Component Designator: Old Designator=C? New Designator=C75
Change Component Designator: Old Designator=C? New Designator=C76
Change Component Designator: Old Designator=C? New Designator=C77
Change Component Designator: Old Designator=C? New Designator=C78
Change Component Designator: Old Designator=C? New Designator=C79
Change Component Designator: Old Designator=C? New Designator=C80
Change Component Designator: Old Designator=C? New Designator=C81
Change Component Designator: Old Designator=C? New Designator=C82
Change Component Designator: Old Designator=C? New Designator=C83
Change Component Designator: Old Designator=R16 New Designator=R15
Change Component Designator: Old Designator=R17 New Designator=R16
Change Component Designator: Old Designator=R? New Designator=R17
Change Component Designator: Old Designator=U9 New Designator=U10
Change Component Designator: Old Designator=U10 New Designator=U8
Change Component Designator: Old Designator=U? New Designator=U9
