Change Component Designator: Old Designator=C215 New Designator=C249
Change Component Designator: Old Designator=C216 New Designator=C250
Change Component Designator: Old Designator=C? New Designator=C251
Change Component Designator: Old Designator=C? New Designator=C252
Change Component Designator: Old Designator=C? New Designator=C253
Change Component Designator: Old Designator=C? New Designator=C254
Change Component Designator: Old Designator=J5 New Designator=J6
Change Component Designator: Old Designator=J6 New Designator=J7
Change Component Designator: Old Designator=R138 New Designator=R137
Change Component Designator: Old Designator=R139 New Designator=R138
Change Component Designator: Old Designator=R140 New Designator=R139
Change Component Designator: Old Designator=R141 New Designator=R140
Change Component Designator: Old Designator=R142 New Designator=R141
Change Component Designator: Old Designator=R143 New Designator=R142
Change Component Designator: Old Designator=R144 New Designator=R143
Change Component Designator: Old Designator=R145 New Designator=R144
Change Component Designator: Old Designator=R146 New Designator=R145
Change Component Designator: Old Designator=R147 New Designator=R146
Change Component Designator: Old Designator=R148 New Designator=R147
Change Component Designator: Old Designator=R149 New Designator=R148
Change Component Designator: Old Designator=R150 New Designator=R149
Change Component Designator: Old Designator=R151 New Designator=R150
Change Component Designator: Old Designator=R154 New Designator=R151
Change Component Designator: Old Designator=U24 New Designator=U23
Change Component Designator: Old Designator=U24 New Designator=U23
Change Component Designator: Old Designator=U24 New Designator=U23
Change Component Designator: Old Designator=U25 New Designator=U24
Change Component Designator: Old Designator=U25 New Designator=U24
